<?xml version="1.0" encoding="UTF-8"?>
<testng-results ignored="0" total="1" passed="1" failed="0" skipped="0">
  <reporter-output>
  </reporter-output>
  <suite started-at="2021-10-20T13:34:25 IST" name="Default suite" finished-at="2021-10-20T13:34:25 IST" duration-ms="81">
    <groups>
    </groups>
    <test started-at="2021-10-20T13:34:25 IST" name="Default test" finished-at="2021-10-20T13:34:25 IST" duration-ms="81">
      <class name="testPa.HelloTestClass">
        <test-method signature="testRun()[pri:0, instance:testPa.HelloTestClass@f381794]" started-at="2021-10-20T13:34:25 IST" name="testRun" finished-at="2021-10-20T13:34:25 IST" duration-ms="14" status="PASS">
          <reporter-output>
          </reporter-output>
        </test-method> <!-- testRun -->
      </class> <!-- testPa.HelloTestClass -->
    </test> <!-- Default test -->
  </suite> <!-- Default suite -->
</testng-results>
